<?xml version="1.0" encoding="UTF-8"?>
<!-- Generated by org.testng.reporters.JUnitXMLReporter -->
<testsuite ignored="0" hostname="Kundan" failures="0" tests="5" name="Default test" time="0.508" errors="0" timestamp="2024-11-02T12:04:33 IST">
  <testcase classname="section05_lec46.DataProviderWithExcel" name="readData" time="0.011"/>
  <testcase classname="section05_lec46.DataProviderWithExcel" name="readData" time="0.003"/>
  <testcase classname="section05_lec46.DataProviderWithExcel" name="readData" time="0.002"/>
  <testcase classname="section05_lec46.DataProviderWithExcel" name="readData" time="0.003"/>
  <testcase classname="section05_lec46.DataProviderWithExcel" name="readData" time="0.001"/>
</testsuite> <!-- Default test -->
