<?xml version="1.0" encoding="UTF-8"?>
<testng-results ignored="0" total="1" passed="1" failed="0" skipped="0">
  <reporter-output>
  </reporter-output>
  <suite started-at="2024-11-03T01:12:55 IST" name="Suite" finished-at="2024-11-03T01:13:34 IST" duration-ms="39344">
    <groups>
    </groups>
    <test started-at="2024-11-03T01:12:55 IST" name="Test" finished-at="2024-11-03T01:13:34 IST" duration-ms="39344">
      <class name="section04_lec42.FDCalculator">
        <test-method signature="calculateFD()[pri:0, instance:section04_lec42.FDCalculator@5ae50ce6]" started-at="2024-11-03T01:12:55 IST" name="calculateFD" finished-at="2024-11-03T01:13:34 IST" duration-ms="39309" status="PASS">
          <reporter-output>
          </reporter-output>
        </test-method> <!-- calculateFD -->
      </class> <!-- section04_lec42.FDCalculator -->
    </test> <!-- Test -->
  </suite> <!-- Suite -->
</testng-results>
